1681557851691	geckodriver	INFO	Listening on 127.0.0.1:51991
1681557854787	mozrunner::runner	INFO	Running command: "C:\\Program Files\\Mozilla Firefox\\firefox.exe" "--marionette" "--remote-debugging-port" "51992" "--remote-allow-hosts" "localhost" "-no-remote" "-profile" "C:\\Users\\Dashrath\\AppData\\Local\\Temp\\rust_mozprofileVDjniT"
console.warn: services.settings: Ignoring preference override of remote settings server
console.warn: services.settings: Allow by setting MOZ_REMOTE_SETTINGS_DEVTOOLS=1 in the environment
1681557855215	Marionette	INFO	Marionette enabled
Dynamically enable window occlusion 0
1681557855222	Marionette	INFO	Listening on port 52004
Read port: 52004
WebDriver BiDi listening on ws://127.0.0.1:51992
1681557855405	RemoteAgent	WARN	TLS certificate errors will be ignored for this session
console.warn: SearchSettings: "get: No settings file exists, new profile?" (new NotFoundError("Could not open the file at C:\\Users\\Dashrath\\AppData\\Local\\Temp\\rust_mozprofileVDjniT\\search.json.mozlz4", (void 0)))
[ERROR glean_core] Error setting metrics feature config: Json(Error("EOF while parsing a value", line: 1, column: 0))
DevTools listening on ws://127.0.0.1:51992/devtools/browser/e71836e7-0e3a-4d23-bf83-065e78a75b75
1681557859467	Marionette	WARN	Ignoring event 'DOMContentLoaded' because document has an invalid readyState of 'complete'.
[Child 26304, MediaDecoderStateMachine #1] WARNING: Decoder=24f2f740200 state=DECODING_METADATA Decode metadata failed, shutting down decoder: file /builds/worker/checkouts/gecko/dom/media/MediaDecoderStateMachine.cpp:372
[Child 26304, MediaDecoderStateMachine #1] WARNING: Decoder=24f2f740200 Decode error: NS_ERROR_DOM_MEDIA_METADATA_ERR (0x806e0006) - static MP4Metadata::ResultAndByteBuffer __cdecl mozilla::MP4Metadata::Metadata(mozilla::ByteStream *): Cannot parse metadata: file /builds/worker/checkouts/gecko/dom/media/MediaDecoderStateMachineBase.cpp:164
[Child 26304, MediaDecoderStateMachine #1] WARNING: Decoder=24f2fb18e00 state=DECODING_METADATA Decode metadata failed, shutting down decoder: file /builds/worker/checkouts/gecko/dom/media/MediaDecoderStateMachine.cpp:372
[Child 26304, MediaDecoderStateMachine #1] WARNING: Decoder=24f2fb18e00 Decode error: NS_ERROR_DOM_MEDIA_METADATA_ERR (0x806e0006) - static MP4Metadata::ResultAndByteBuffer __cdecl mozilla::MP4Metadata::Metadata(mozilla::ByteStream *): Cannot parse metadata: file /builds/worker/checkouts/gecko/dom/media/MediaDecoderStateMachineBase.cpp:164
[Child 26304, MediaDecoderStateMachine #1] WARNING: Decoder=24f2f78af00 state=DECODING_METADATA Decode metadata failed, shutting down decoder: file /builds/worker/checkouts/gecko/dom/media/MediaDecoderStateMachine.cpp:372
[Child 26304, MediaDecoderStateMachine #1] WARNING: Decoder=24f2f78af00 Decode error: NS_ERROR_DOM_MEDIA_METADATA_ERR (0x806e0006) - static MP4Metadata::ResultAndByteBuffer __cdecl mozilla::MP4Metadata::Metadata(mozilla::ByteStream *): Cannot parse metadata: file /builds/worker/checkouts/gecko/dom/media/MediaDecoderStateMachineBase.cpp:164
1681558009627	Marionette	INFO	Stopped listening on port 52004
Dynamically enable window occlusion 1
ng command: "C:\\Program Files\\Mozilla Firefox\\firefox.exe" "--marionette" "--remote-debugging-port" "52167" "--remote-allow-hosts" "localhost" "-no-remote" "-profile" "C:\\Users\\Dashrath\\AppData\\Local\\Temp\\rust_mozprofilec2amW5"
console.warn: services.settings: Ignoring preference override of remote settings server
console.warn: services.settings: Allow by setting MOZ_REMOTE_SETTINGS_DEVTOOLS=1 in the environment
1681557993991	Marionette	INFO	Marionette enabled
Dynamically enable window occlusion 0
1681557993997	Marionette	INFO	Listening on port 52176
Read port: 52176
WebDriver BiDi listening on ws://127.0.0.1:52167
1681557994152	RemoteAgent	WARN	TLS certificate errors will be ignored for this session
console.warn: SearchSettings: "get: No settings file exists, new profile?" (new NotFoundError("Could not open the file at C:\\Users\\Dashrath\\AppData\\Local\\Temp\\rust_mozprofilec2amW5\\search.json.mozlz4", (void 0)))
[ERROR glean_core] Error setting metrics feature config: Json(Error("EOF while parsing a value", line: 1, column: 0))
DevTools listening on ws://127.0.0.1:52167/devtools/browser/0c5cf723-fcc9-47f5-8faa-0767a8d1d4ff
console.error: (new Error("Polling for changes failed: NetworkError: Network request failed.", "resource://services-settings/remote-settings.sys.mjs", 325))
1681559025541	Marionette	WARN	Ignoring event 'DOMContentLoaded' because document has an invalid readyState of 'complete'.
1681559415077	geckodriver	INFO	Listening on 127.0.0.1:53275
1681559418132	mozrunner::runner	INFO	Running command: "C:\\Program Files\\Mozilla Firefox\\firefox.exe" "--marionette" "--remote-debugging-port" "53276" "--remote-allow-hosts" "localhost" "-no-remote" "-profile" "C:\\Users\\Dashrath\\AppData\\Local\\Temp\\rust_mozprofilep798xC"
console.warn: services.settings: Ignoring preference override of remote settings server
console.warn: services.settings: Allow by setting MOZ_REMOTE_SETTINGS_DEVTOOLS=1 in the environment
1681559418514	Marionette	INFO	Marionette enabled
Dynamically enable window occlusion 0
1681559418520	Marionette	INFO	Listening on port 53285
Read port: 53285
WebDriver BiDi listening on ws://127.0.0.1:53276
1681559418701	RemoteAgent	WARN	TLS certificate errors will be ignored for this session
console.warn: SearchSettings: "get: No settings file exists, new profile?" (new NotFoundError("Could not open the file at C:\\Users\\Dashrath\\AppData\\Local\\Temp\\rust_mozprofilep798xC\\search.json.mozlz4", (void 0)))
[ERROR glean_core] Error setting metrics feature config: Json(Error("EOF while parsing a value", line: 1, column: 0))
DevTools listening on ws://127.0.0.1:53276/devtools/browser/bb449c1e-8bbb-4391-8d40-c67c394c5390
1681559458785	Marionette	WARN	Ignoring event 'DOMContentLoaded' because document has an invalid readyState of 'complete'.
[Child 17536, MediaDecoderStateMachine #1] WARNING: Decoder=1d94a0cc700 state=DECODING_METADATA Decode metadata failed, shutting down decoder: file /builds/worker/checkouts/gecko/dom/media/MediaDecoderStateMachine.cpp:372
[Child 17536, MediaDecoderStateMachine #1] WARNING: Decoder=1d94a0cc700 Decode error: NS_ERROR_DOM_MEDIA_METADATA_ERR (0x806e0006) - static MP4Metadata::ResultAndByteBuffer __cdecl mozilla::MP4Metadata::Metadata(mozilla::ByteStream *): Cannot parse metadata: file /builds/worker/checkouts/gecko/dom/media/MediaDecoderStateMachineBase.cpp:164
1681560013863	geckodriver	INFO	Listening on 127.0.0.1:53819
1681560016905	mozrunner::runner	INFO	Running command: "C:\\Program Files\\Mozilla Firefox\\firefox.exe" "--marionette" "--remote-debugging-port" "53820" "--remote-allow-hosts" "localhost" "-no-remote" "-profile" "C:\\Users\\Dashrath\\AppData\\Local\\Temp\\rust_mozprofiletnEKKJ"
console.warn: services.settings: Ignoring preference override of remote settings server
console.warn: services.settings: Allow by setting MOZ_REMOTE_SETTINGS_DEVTOOLS=1 in the environment
1681560017337	Marionette	INFO	Marionette enabled
Dynamically enable window occlusion 0
1681560017343	Marionette	INFO	Listening on port 53829
Read port: 53829
WebDriver BiDi listening on ws://127.0.0.1:53820
1681560017528	RemoteAgent	WARN	TLS certificate errors will be ignored for this session
console.warn: SearchSettings: "get: No settings file exists, new profile?" (new NotFoundError("Could not open the file at C:\\Users\\Dashrath\\AppData\\Local\\Temp\\rust_mozprofiletnEKKJ\\search.json.mozlz4", (void 0)))
[ERROR glean_core] Error setting metrics feature config: Json(Error("EOF while parsing a value", line: 1, column: 0))
DevTools listening on ws://127.0.0.1:53820/devtools/browser/4f1d4aa8-3534-4198-9cac-45c8d644b2a5
1681560021429	Marionette	WARN	Ignoring event 'DOMContentLoaded' because document has an invalid readyState of 'complete'.
[Child 11692, MediaDecoderStateMachine #1] WARNING: Decoder=2f01d3f4600 state=DECODING_METADATA Decode metadata failed, shutting down decoder: file /builds/worker/checkouts/gecko/dom/media/MediaDecoderStateMachine.cpp:372
[Child 11692, MediaDecoderStateMachine #1] WARNING: Decoder=2f01d3f4600 Decode error: NS_ERROR_DOM_MEDIA_METADATA_ERR (0x806e0006) - static MP4Metadata::ResultAndByteBuffer __cdecl mozilla::MP4Metadata::Metadata(mozilla::ByteStream *): Cannot parse metadata: file /builds/worker/checkouts/gecko/dom/media/MediaDecoderStateMachineBase.cpp:164
[Child 11692, MediaDecoderStateMachine #1] WARNING: Decoder=2f01b89b200 state=DECODING_METADATA Decode metadata failed, shutting down decoder: file /builds/worker/checkouts/gecko/dom/media/MediaDecoderStateMachine.cpp:372
[Child 11692, MediaDecoderStateMachine #1] WARNING: Decoder=2f01b89b200 Decode error: NS_ERROR_DOM_MEDIA_METADATA_ERR (0x806e0006) - static MP4Metadata::ResultAndByteBuffer __cdecl mozilla::MP4Metadata::Metadata(mozilla::ByteStream *): Cannot parse metadata: file /builds/worker/checkouts/gecko/dom/media/MediaDecoderStateMachineBase.cpp:164
[Child 11692, MediaDecoderStateMachine #1] WARNING: Decoder=2f01b51c500 state=DECODING_METADATA Decode metadata failed, shutting down decoder: file /builds/worker/checkouts/gecko/dom/media/MediaDecoderStateMachine.cpp:372
[Child 11692, MediaDecoderStateMachine #1] WARNING: Decoder=2f01b51c500 Decode error: NS_ERROR_DOM_MEDIA_METADATA_ERR (0x806e0006) - static MP4Metadata::ResultAndByteBuffer __cdecl mozilla::MP4Metadata::Metadata(mozilla::ByteStream *): Cannot parse metadata: file /builds/worker/checkouts/gecko/dom/media/MediaDecoderStateMachineBase.cpp:164
1681560037202	Marionette	INFO	Stopped listening on port 53829
Dynamically enable window occlusion 1
1681560066798	geckodriver	INFO	Listening on 127.0.0.1:53897
1681560069819	mozrunner::runner	INFO	Running command: "C:\\Program Files\\Mozilla Firefox\\firefox.exe" "--marionette" "--remote-debugging-port" "53898" "--remote-allow-hosts" "localhost" "-no-remote" "-profile" "C:\\Users\\Dashrath\\AppData\\Local\\Temp\\rust_mozprofilevYrw0L"
console.warn: services.settings: Ignoring preference override of remote settings server
console.warn: services.settings: Allow by setting MOZ_REMOTE_SETTINGS_DEVTOOLS=1 in the environment
1681560070168	Marionette	INFO	Marionette enabled
Dynamically enable window occlusion 0
1681560070174	Marionette	INFO	Listening on port 53907
Read port: 53907
WebDriver BiDi listening on ws://127.0.0.1:53898
1681560070358	RemoteAgent	WARN	TLS certificate errors will be ignored for this session
console.warn: SearchSettings: "get: No settings file exists, new profile?" (new NotFoundError("Could not open the file at C:\\Users\\Dashrath\\AppData\\Local\\Temp\\rust_mozprofilevYrw0L\\search.json.mozlz4", (void 0)))
[ERROR glean_core] Error setting metrics feature config: Json(Error("EOF while parsing a value", line: 1, column: 0))
DevTools listening on ws://127.0.0.1:53898/devtools/browser/bf6952c6-129c-4053-a253-62cad7c3306e
console.warn: LoginRecipes: "Falling back to a synchronous message for: http://127.0.0.1:5000."
1681560129522	Marionette	WARN	Ignoring event 'DOMContentLoaded' because document has an invalid readyState of 'complete'.
[Child 15124, MediaDecoderStateMachine #1] WARNING: Decoder=2dc37dcb400 state=DECODING_METADATA Decode metadata failed, shutting down decoder: file /builds/worker/checkouts/gecko/dom/media/MediaDecoderStateMachine.cpp:372
[Child 15124, MediaDecoderStateMachine #1] WARNING: Decoder=2dc37dcb400 Decode error: NS_ERROR_DOM_MEDIA_METADATA_ERR (0x806e0006) - static MP4Metadata::ResultAndByteBuffer __cdecl mozilla::MP4Metadata::Metadata(mozilla::ByteStream *): Cannot parse metadata: file /builds/worker/checkouts/gecko/dom/media/MediaDecoderStateMachineBase.cpp:164
[Child 15124, MediaDecoderStateMachine #1] WARNING: Decoder=2dc37dc9f00 state=DECODING_METADATA Decode metadata failed, shutting down decoder: file /builds/worker/checkouts/gecko/dom/media/MediaDecoderStateMachine.cpp:372
[Child 15124, MediaDecoderStateMachine #1] WARNING: Decoder=2dc37dc9f00 Decode error: NS_ERROR_DOM_MEDIA_METADATA_ERR (0x806e0006) - static MP4Metadata::ResultAndByteBuffer __cdecl mozilla::MP4Metadata::Metadata(mozilla::ByteStream *): Cannot parse metadata: file /builds/worker/checkouts/gecko/dom/media/MediaDecoderStateMachineBase.cpp:164
console.warn: LoginRecipes: "Falling back to a synchronous message for: http://127.0.0.1:5000."
1681560199862	Marionette	INFO	Stopped listening on port 53907
Dynamically enable window occlusion 1
1681561564326	geckodriver	INFO	Listening on 127.0.0.1:54769
1681561567424	mozrunner::runner	INFO	Running command: "C:\\Program Files\\Mozilla Firefox\\firefox.exe" "--marionette" "--remote-debugging-port" "54770" "--remote-allow-hosts" "localhost" "-no-remote" "-profile" "C:\\Users\\Dashrath\\AppData\\Local\\Temp\\rust_mozprofile8VuGlT"
console.warn: services.settings: Ignoring preference override of remote settings server
console.warn: services.settings: Allow by setting MOZ_REMOTE_SETTINGS_DEVTOOLS=1 in the environment
1681561568129	Marionette	INFO	Marionette enabled
Dynamically enable window occlusion 0
1681561568140	Marionette	INFO	Listening on port 54779
Read port: 54779
WebDriver BiDi listening on ws://127.0.0.1:54770
1681561568401	RemoteAgent	WARN	TLS certificate errors will be ignored for this session
console.warn: SearchSettings: "get: No settings file exists, new profile?" (new NotFoundError("Could not open the file at C:\\Users\\Dashrath\\AppData\\Local\\Temp\\rust_mozprofile8VuGlT\\search.json.mozlz4", (void 0)))
[ERROR glean_core] Error setting metrics feature config: Json(Error("EOF while parsing a value", line: 1, column: 0))
DevTools listening on ws://127.0.0.1:54770/devtools/browser/a2b9ae42-09c2-4e99-a94d-bf5063f1323c
console.error: Region.sys.mjs: "Error fetching region" (new Error("TIMEOUT", "resource://gre/modules/Region.sys.mjs", 762))
console.error: Region.sys.mjs: "Failed to fetch region" (new Error("TIMEOUT", "resource://gre/modules/Region.sys.mjs", 414))
1681561605144	Marionette	WARN	Ignoring event 'DOMContentLoaded' because document has an invalid readyState of 'complete'.
[Child 17584, MediaDecoderStateMachine #1] WARNING: Decoder=1dc18be8700 state=DECODING_METADATA Decode metadata failed, shutting down decoder: file /builds/worker/checkouts/gecko/dom/media/MediaDecoderStateMachine.cpp:372
[Child 17584, MediaDecoderStateMachine #1] WARNING: Decoder=1dc18be8700 Decode error: NS_ERROR_DOM_MEDIA_METADATA_ERR (0x806e0006) - static MP4Metadata::ResultAndByteBuffer __cdecl mozilla::MP4Metadata::Metadata(mozilla::ByteStream *): Cannot parse metadata: file /builds/worker/checkouts/gecko/dom/media/MediaDecoderStateMachineBase.cpp:164
1681562890688	Marionette	INFO	Stopped listening on port 54779
Dynamically enable window occlusion 1
1681562905447	geckodriver	INFO	Listening on 127.0.0.1:55634
1681562908528	mozrunner::runner	INFO	Running command: "C:\\Program Files\\Mozilla Firefox\\firefox.exe" "--marionette" "--remote-debugging-port" "55635" "--remote-allow-hosts" "localhost" "-no-remote" "-profile" "C:\\Users\\Dashrath\\AppData\\Local\\Temp\\rust_mozprofile6F1l7j"
console.warn: services.settings: Ignoring preference override of remote settings server
console.warn: services.settings: Allow by setting MOZ_REMOTE_SETTINGS_DEVTOOLS=1 in the environment
1681562909352	Marionette	INFO	Marionette enabled
Dynamically enable window occlusion 0
1681562909363	Marionette	INFO	Listening on port 55644
Read port: 55644
WebDriver BiDi listening on ws://127.0.0.1:55635
1681562909673	RemoteAgent	WARN	TLS certificate errors will be ignored for this session
console.warn: SearchSettings: "get: No settings file exists, new profile?" (new NotFoundError("Could not open the file at C:\\Users\\Dashrath\\AppData\\Local\\Temp\\rust_mozprofile6F1l7j\\search.json.mozlz4", (void 0)))
[ERROR glean_core] Error setting metrics feature config: Json(Error("EOF while parsing a value", line: 1, column: 0))
DevTools listening on ws://127.0.0.1:55635/devtools/browser/7e6026a6-ad59-4bc0-a169-4297e40ae208
console.warn: LoginRecipes: "Falling back to a synchronous message for: http://127.0.0.1:5000."
1681562949310	Marionette	WARN	Ignoring event 'DOMContentLoaded' because document has an invalid readyState of 'complete'.
1681563038180	geckodriver	INFO	Listening on 127.0.0.1:55813
1681563041252	mozrunner::runner	INFO	Running command: "C:\\Program Files\\Mozilla Firefox\\firefox.exe" "--marionette" "--remote-debugging-port" "55814" "--remote-allow-hosts" "localhost" "-no-remote" "-profile" "C:\\Users\\Dashrath\\AppData\\Local\\Temp\\rust_mozprofileFsicKc"
console.warn: services.settings: Ignoring preference override of remote settings server
console.warn: services.settings: Allow by setting MOZ_REMOTE_SETTINGS_DEVTOOLS=1 in the environment
1681563041630	Marionette	INFO	Marionette enabled
Dynamically enable window occlusion 0
1681563041636	Marionette	INFO	Listening on port 55823
Read port: 55823
WebDriver BiDi listening on ws://127.0.0.1:55814
1681563041814	RemoteAgent	WARN	TLS certificate errors will be ignored for this session
console.warn: SearchSettings: "get: No settings file exists, new profile?" (new NotFoundError("Could not open the file at C:\\Users\\Dashrath\\AppData\\Local\\Temp\\rust_mozprofileFsicKc\\search.json.mozlz4", (void 0)))
[ERROR glean_core] Error setting metrics feature config: Json(Error("EOF while parsing a value", line: 1, column: 0))
DevTools listening on ws://127.0.0.1:55814/devtools/browser/c7db614b-493c-4e5b-af83-6399c01565f3
console.warn: LoginRecipes: "Falling back to a synchronous message for: http://127.0.0.1:5000."
1681563073051	Marionette	WARN	Ignoring event 'DOMContentLoaded' because document has an invalid readyState of 'complete'.
[Child 17188, MediaDecoderStateMachine #1] WARNING: Decoder=2af9bd97b00 state=DECODING_METADATA Decode metadata failed, shutting down decoder: file /builds/worker/checkouts/gecko/dom/media/MediaDecoderStateMachine.cpp:372
[Child 17188, MediaDecoderStateMachine #1] WARNING: Decoder=2af9bd97b00 Decode error: NS_ERROR_DOM_MEDIA_METADATA_ERR (0x806e0006) - static MP4Metadata::ResultAndByteBuffer __cdecl mozilla::MP4Metadata::Metadata(mozilla::ByteStream *): Cannot parse metadata: file /builds/worker/checkouts/gecko/dom/media/MediaDecoderStateMachineBase.cpp:164
[Child 17188, MediaDecoderStateMachine #1] WARNING: Decoder=2af9a3cc200 state=DECODING_METADATA Decode metadata failed, shutting down decoder: file /builds/worker/checkouts/gecko/dom/media/MediaDecoderStateMachine.cpp:372
[Child 17188, MediaDecoderStateMachine #1] WARNING: Decoder=2af9a3cc200 Decode error: NS_ERROR_DOM_MEDIA_METADATA_ERR (0x806e0006) - static MP4Metadata::ResultAndByteBuffer __cdecl mozilla::MP4Metadata::Metadata(mozilla::ByteStream *): Cannot parse metadata: file /builds/worker/checkouts/gecko/dom/media/MediaDecoderStateMachineBase.cpp:164
[Child 17188, MediaDecoderStateMachine #1] WARNING: Decoder=2af9bd6eb00 state=DECODING_METADATA Decode metadata failed, shutting down decoder: file /builds/worker/checkouts/gecko/dom/media/MediaDecoderStateMachine.cpp:372
[Child 17188, MediaDecoderStateMachine #1] WARNING: Decoder=2af9bd6eb00 Decode error: NS_ERROR_DOM_MEDIA_METADATA_ERR (0x806e0006) - static MP4Metadata::ResultAndByteBuffer __cdecl mozilla::MP4Metadata::Metadata(mozilla::ByteStream *): Cannot parse metadata: file /builds/worker/checkouts/gecko/dom/media/MediaDecoderStateMachineBase.cpp:164
console.warn: LoginRecipes: "Falling back to a synchronous message for: http://127.0.0.1:5000."
1681565984115	Marionette	INFO	Stopped listening on port 55823
Dynamically enable window occlusion 1
1681567561312	geckodriver	INFO	Listening on 127.0.0.1:59533
1681567564353	mozrunner::runner	INFO	Running command: "C:\\Program Files\\Mozilla Firefox\\firefox.exe" "--marionette" "--remote-debugging-port" "59534" "--remote-allow-hosts" "localhost" "-no-remote" "-profile" "C:\\Users\\Dashrath\\AppData\\Local\\Temp\\rust_mozprofileOhYGcs"
console.warn: services.settings: Ignoring preference override of remote settings server
console.warn: services.settings: Allow by setting MOZ_REMOTE_SETTINGS_DEVTOOLS=1 in the environment
1681567565069	Marionette	INFO	Marionette enabled
Dynamically enable window occlusion 0
1681567565076	Marionette	INFO	Listening on port 59543
Read port: 59543
WebDriver BiDi listening on ws://127.0.0.1:59534
1681567565346	RemoteAgent	WARN	TLS certificate errors will be ignored for this session
console.warn: SearchSettings: "get: No settings file exists, new profile?" (new NotFoundError("Could not open the file at C:\\Users\\Dashrath\\AppData\\Local\\Temp\\rust_mozprofileOhYGcs\\search.json.mozlz4", (void 0)))
[ERROR glean_core] Error setting metrics feature config: Json(Error("EOF while parsing a value", line: 1, column: 0))
DevTools listening on ws://127.0.0.1:59534/devtools/browser/b8923cbe-3010-412b-bb68-d160e52b0b3b
console.warn: LoginRecipes: "Falling back to a synchronous message for: http://127.0.0.1:5000."
1681567629782	Marionette	WARN	Ignoring event 'DOMContentLoaded' because document has an invalid readyState of 'complete'.
[Child 1532, MediaDecoderStateMachine #1] WARNING: Decoder=28b81336200 state=DECODING_METADATA Decode metadata failed, shutting down decoder: file /builds/worker/checkouts/gecko/dom/media/MediaDecoderStateMachine.cpp:372
[Child 1532, MediaDecoderStateMachine #1] WARNING: Decoder=28b81336200 Decode error: NS_ERROR_DOM_MEDIA_METADATA_ERR (0x806e0006) - static MP4Metadata::ResultAndByteBuffer __cdecl mozilla::MP4Metadata::Metadata(mozilla::ByteStream *): Cannot parse metadata: file /builds/worker/checkouts/gecko/dom/media/MediaDecoderStateMachineBase.cpp:164
1681567991929	geckodriver	INFO	Listening on 127.0.0.1:59850
1681567994971	mozrunner::runner	INFO	Running command: "C:\\Program Files\\Mozilla Firefox\\firefox.exe" "--marionette" "--remote-debugging-port" "59851" "--remote-allow-hosts" "localhost" "-no-remote" "-profile" "C:\\Users\\Dashrath\\AppData\\Local\\Temp\\rust_mozprofile9JF8cl"
console.warn: services.settings: Ignoring preference override of remote settings server
console.warn: services.settings: Allow by setting MOZ_REMOTE_SETTINGS_DEVTOOLS=1 in the environment
1681567995611	Marionette	INFO	Marionette enabled
Dynamically enable window occlusion 0
1681567995619	Marionette	INFO	Listening on port 59860
Read port: 59860
WebDriver BiDi listening on ws://127.0.0.1:59851
1681567995902	RemoteAgent	WARN	TLS certificate errors will be ignored for this session
console.warn: SearchSettings: "get: No settings file exists, new profile?" (new NotFoundError("Could not open the file at C:\\Users\\Dashrath\\AppData\\Local\\Temp\\rust_mozprofile9JF8cl\\search.json.mozlz4", (void 0)))
[ERROR glean_core] Error setting metrics feature config: Json(Error("EOF while parsing a value", line: 1, column: 0))
DevTools listening on ws://127.0.0.1:59851/devtools/browser/28116e21-ab79-425b-a302-06fec7f586f4
1681568310157	geckodriver	INFO	Listening on 127.0.0.1:60061
1681568313241	mozrunner::runner	INFO	Running command: "C:\\Program Files\\Mozilla Firefox\\firefox.exe" "--marionette" "--headless" "--no-sandbox" "--remote-debug ... "--remote-allow-hosts" "localhost" "-no-remote" "-profile" "C:\\Users\\Dashrath\\AppData\\Local\\Temp\\rust_mozprofileVmnalw"
*** You are running in headless mode.
console.warn: services.settings: Ignoring preference override of remote settings server
console.warn: services.settings: Allow by setting MOZ_REMOTE_SETTINGS_DEVTOOLS=1 in the environment
1681568313799	Marionette	INFO	Marionette enabled
Dynamically enable window occlusion 0
1681568313812	Marionette	INFO	Listening on port 60071
console.error: "Warning: unrecognized command line flag -no-sandbox\n"
Read port: 60071
WebDriver BiDi listening on ws://127.0.0.1:60062
1681568314000	RemoteAgent	WARN	TLS certificate errors will be ignored for this session
[GFX1-]: RenderCompositorSWGL failed mapping default framebuffer, no dt
console.warn: SearchSettings: "get: No settings file exists, new profile?" (new NotFoundError("Could not open the file at C:\\Users\\Dashrath\\AppData\\Local\\Temp\\rust_mozprofileVmnalw\\search.json.mozlz4", (void 0)))
[ERROR glean_core] Error setting metrics feature config: Json(Error("EOF while parsing a value", line: 1, column: 0))
console.error: ({})
DevTools listening on ws://127.0.0.1:60062/devtools/browser/de6e7bf4-a5b5-4dea-8794-b644a60aba1e
1681568384055	geckodriver	INFO	Listening on 127.0.0.1:60178
1681568391182	geckodriver	INFO	Listening on 127.0.0.1:60187
1681568394261	mozrunner::runner	INFO	Running command: "C:\\Program Files\\Mozilla Firefox\\firefox.exe" "--marionette" "--headless" "--no-sandbox" "--remote-debug ... "--remote-allow-hosts" "localhost" "-no-remote" "-profile" "C:\\Users\\Dashrath\\AppData\\Local\\Temp\\rust_mozprofileHZoIPb"
*** You are running in headless mode.
console.warn: services.settings: Ignoring preference override of remote settings server
console.warn: services.settings: Allow by setting MOZ_REMOTE_SETTINGS_DEVTOOLS=1 in the environment
1681568394871	Marionette	INFO	Marionette enabled
Dynamically enable window occlusion 0
1681568394877	Marionette	INFO	Listening on port 60197
Read port: 60197
console.error: "Warning: unrecognized command line flag -no-sandbox\n"
WebDriver BiDi listening on ws://127.0.0.1:60188
1681568395050	RemoteAgent	WARN	TLS certificate errors will be ignored for this session
[GFX1-]: RenderCompositorSWGL failed mapping default framebuffer, no dt
console.warn: SearchSettings: "get: No settings file exists, new profile?" (new NotFoundError("Could not open the file at C:\\Users\\Dashrath\\AppData\\Local\\Temp\\rust_mozprofileHZoIPb\\search.json.mozlz4", (void 0)))
[ERROR glean_core] Error setting metrics feature config: Json(Error("EOF while parsing a value", line: 1, column: 0))
console.error: ({})
DevTools listening on ws://127.0.0.1:60188/devtools/browser/9a043a4d-5765-4cdc-9277-d0af81985bd3
1681568398660	geckodriver	INFO	Listening on 127.0.0.1:60217
1681568401761	mozrunner::runner	INFO	Running command: "C:\\Program Files\\Mozilla Firefox\\firefox.exe" "--marionette" "--headless" "--no-sandbox" "--remote-debug ... "--remote-allow-hosts" "localhost" "-no-remote" "-profile" "C:\\Users\\Dashrath\\AppData\\Local\\Temp\\rust_mozprofilemIM6XJ"
*** You are running in headless mode.
console.warn: services.settings: Ignoring preference override of remote settings server
console.warn: services.settings: Allow by setting MOZ_REMOTE_SETTINGS_DEVTOOLS=1 in the environment
1681568402451	Marionette	INFO	Marionette enabled
Dynamically enable window occlusion 0
1681568402460	Marionette	INFO	Listening on port 60234
console.error: "Warning: unrecognized command line flag -no-sandbox\n"
Read port: 60234
WebDriver BiDi listening on ws://127.0.0.1:60218
1681568402646	RemoteAgent	WARN	TLS certificate errors will be ignored for this session
[GFX1-]: RenderCompositorSWGL failed mapping default framebuffer, no dt
console.warn: SearchSettings: "get: No settings file exists, new profile?" (new NotFoundError("Could not open the file at C:\\Users\\Dashrath\\AppData\\Local\\Temp\\rust_mozprofilemIM6XJ\\search.json.mozlz4", (void 0)))
[ERROR glean_core] Error setting metrics feature config: Json(Error("EOF while parsing a value", line: 1, column: 0))
console.error: ({})
DevTools listening on ws://127.0.0.1:60218/devtools/browser/d2f38c16-cc30-42c4-bb89-d3e5bfd11322
1681568493790	geckodriver	INFO	Listening on 127.0.0.1:60417
1681568496826	mozrunner::runner	INFO	Running command: "C:\\Program Files\\Mozilla Firefox\\firefox.exe" "--marionette" "--headless" "--no-sandbox" "--remote-debug ... "--remote-allow-hosts" "localhost" "-no-remote" "-profile" "C:\\Users\\Dashrath\\AppData\\Local\\Temp\\rust_mozprofilenmH4Qj"
*** You are running in headless mode.
console.warn: services.settings: Ignoring preference override of remote settings server
console.warn: services.settings: Allow by setting MOZ_REMOTE_SETTINGS_DEVTOOLS=1 in the environment
1681568497414	Marionette	INFO	Marionette enabled
Dynamically enable window occlusion 0
1681568497420	Marionette	INFO	Listening on port 60459
console.error: "Warning: unrecognized command line flag -no-sandbox\n"
Read port: 60459
WebDriver BiDi listening on ws://127.0.0.1:60418
1681568497559	RemoteAgent	WARN	TLS certificate errors will be ignored for this session
[GFX1-]: RenderCompositorSWGL failed mapping default framebuffer, no dt
console.warn: SearchSettings: "get: No settings file exists, new profile?" (new NotFoundError("Could not open the file at C:\\Users\\Dashrath\\AppData\\Local\\Temp\\rust_mozprofilenmH4Qj\\search.json.mozlz4", (void 0)))
[ERROR glean_core] Error setting metrics feature config: Json(Error("EOF while parsing a value", line: 1, column: 0))
console.error: ({})
DevTools listening on ws://127.0.0.1:60418/devtools/browser/3c091a26-a8d3-4db9-80e9-9e0f017dc4fe
1681568500087	geckodriver	INFO	Listening on 127.0.0.1:60478
1681568503125	mozrunner::runner	INFO	Running command: "C:\\Program Files\\Mozilla Firefox\\firefox.exe" "--marionette" "--headless" "--no-sandbox" "--remote-debug ... "--remote-allow-hosts" "localhost" "-no-remote" "-profile" "C:\\Users\\Dashrath\\AppData\\Local\\Temp\\rust_mozprofilemSqs36"
*** You are running in headless mode.
console.warn: services.settings: Ignoring preference override of remote settings server
console.warn: services.settings: Allow by setting MOZ_REMOTE_SETTINGS_DEVTOOLS=1 in the environment
1681568503501	Marionette	INFO	Marionette enabled
Dynamically enable window occlusion 0
1681568503507	Marionette	INFO	Listening on port 60527
console.error: "Warning: unrecognized command line flag -no-sandbox\n"
Read port: 60527
WebDriver BiDi listening on ws://127.0.0.1:60479
1681568503634	RemoteAgent	WARN	TLS certificate errors will be ignored for this session
[GFX1-]: RenderCompositorSWGL failed mapping default framebuffer, no dt
console.warn: SearchSettings: "get: No settings file exists, new profile?" (new NotFoundError("Could not open the file at C:\\Users\\Dashrath\\AppData\\Local\\Temp\\rust_mozprofilemSqs36\\search.json.mozlz4", (void 0)))
[ERROR glean_core] Error setting metrics feature config: Json(Error("EOF while parsing a value", line: 1, column: 0))
console.error: ({})
DevTools listening on ws://127.0.0.1:60479/devtools/browser/229c8def-fabd-4745-ac93-84e13eecd8f3
1681568518812	Marionette	WARN	Ignoring event 'DOMContentLoaded' because document has an invalid readyState of 'complete'.
[Child 11812, MediaDecoderStateMachine #1] WARNING: Decoder=2ced3c59300 state=DECODING_METADATA Decode metadata failed, shutting down decoder: file /builds/worker/checkouts/gecko/dom/media/MediaDecoderStateMachine.cpp:372
[Child 11812, MediaDecoderStateMachine #1] WARNING: Decoder=2ced3c59300 Decode error: NS_ERROR_DOM_MEDIA_METADATA_ERR (0x806e0006) - static MP4Metadata::ResultAndByteBuffer __cdecl mozilla::MP4Metadata::Metadata(mozilla::ByteStream *): Cannot parse metadata: file /builds/worker/checkouts/gecko/dom/media/MediaDecoderStateMachineBase.cpp:164
[Child 11812, MediaDecoderStateMachine #1] WARNING: Decoder=2ced3c68b00 state=DECODING_METADATA Decode metadata failed, shutting down decoder: file /builds/worker/checkouts/gecko/dom/media/MediaDecoderStateMachine.cpp:372
[Child 11812, MediaDecoderStateMachine #1] WARNING: Decoder=2ced3c68b00 Decode error: NS_ERROR_DOM_MEDIA_METADATA_ERR (0x806e0006) - static MP4Metadata::ResultAndByteBuffer __cdecl mozilla::MP4Metadata::Metadata(mozilla::ByteStream *): Cannot parse metadata: file /builds/worker/checkouts/gecko/dom/media/MediaDecoderStateMachineBase.cpp:164
[Child 11812, MediaDecoderStateMachine #1] WARNING: Decoder=2ced22ca000 state=DECODING_METADATA Decode metadata failed, shutting down decoder: file /builds/worker/checkouts/gecko/dom/media/MediaDecoderStateMachine.cpp:372
[Child 11812, MediaDecoderStateMachine #1] WARNING: Decoder=2ced22ca000 Decode error: NS_ERROR_DOM_MEDIA_METADATA_ERR (0x806e0006) - static MP4Metadata::ResultAndByteBuffer __cdecl mozilla::MP4Metadata::Metadata(mozilla::ByteStream *): Cannot parse metadata: file /builds/worker/checkouts/gecko/dom/media/MediaDecoderStateMachineBase.cpp:164
1681568691163	geckodriver	INFO	Listening on 127.0.0.1:60687
1681568694226	mozrunner::runner	INFO	Running command: "C:\\Program Files\\Mozilla Firefox\\firefox.exe" "--marionette" "--headless" "--no-sandbox" "--remote-debug ... "--remote-allow-hosts" "localhost" "-no-remote" "-profile" "C:\\Users\\Dashrath\\AppData\\Local\\Temp\\rust_mozprofileTKYLDX"
*** You are running in headless mode.
console.warn: services.settings: Ignoring preference override of remote settings server
console.warn: services.settings: Allow by setting MOZ_REMOTE_SETTINGS_DEVTOOLS=1 in the environment
1681568694839	Marionette	INFO	Marionette enabled
Dynamically enable window occlusion 0
1681568694845	Marionette	INFO	Listening on port 60700
Read port: 60700
console.error: "Warning: unrecognized command line flag -no-sandbox\n"
WebDriver BiDi listening on ws://127.0.0.1:60688
1681568695012	RemoteAgent	WARN	TLS certificate errors will be ignored for this session
[GFX1-]: RenderCompositorSWGL failed mapping default framebuffer, no dt
console.warn: SearchSettings: "get: No settings file exists, new profile?" (new NotFoundError("Could not open the file at C:\\Users\\Dashrath\\AppData\\Local\\Temp\\rust_mozprofileTKYLDX\\search.json.mozlz4", (void 0)))
[ERROR glean_core] Error setting metrics feature config: Json(Error("EOF while parsing a value", line: 1, column: 0))
console.error: ({})
DevTools listening on ws://127.0.0.1:60688/devtools/browser/e7649d93-0389-4473-b943-c063d85e1275
1681568699511	geckodriver	INFO	Listening on 127.0.0.1:60739
1681568702538	mozrunner::runner	INFO	Running command: "C:\\Program Files\\Mozilla Firefox\\firefox.exe" "--marionette" "--headless" "--no-sandbox" "--remote-debug ... "--remote-allow-hosts" "localhost" "-no-remote" "-profile" "C:\\Users\\Dashrath\\AppData\\Local\\Temp\\rust_mozprofilepKthuQ"
*** You are running in headless mode.
console.warn: services.settings: Ignoring preference override of remote settings server
console.warn: services.settings: Allow by setting MOZ_REMOTE_SETTINGS_DEVTOOLS=1 in the environment
1681568703086	Marionette	INFO	Marionette enabled
Dynamically enable window occlusion 0
1681568703093	Marionette	INFO	Listening on port 60772
console.error: "Warning: unrecognized command line flag -no-sandbox\n"
Read port: 60772
WebDriver BiDi listening on ws://127.0.0.1:60740
1681568703295	RemoteAgent	WARN	TLS certificate errors will be ignored for this session
[GFX1-]: RenderCompositorSWGL failed mapping default framebuffer, no dt
console.warn: SearchSettings: "get: No settings file exists, new profile?" (new NotFoundError("Could not open the file at C:\\Users\\Dashrath\\AppData\\Local\\Temp\\rust_mozprofilepKthuQ\\search.json.mozlz4", (void 0)))
[ERROR glean_core] Error setting metrics feature config: Json(Error("EOF while parsing a value", line: 1, column: 0))
console.error: ({})
DevTools listening on ws://127.0.0.1:60740/devtools/browser/c3b3ad33-8a81-4e79-9b18-412e47874d0f
1681568717277	Marionette	WARN	Ignoring event 'DOMContentLoaded' because document has an invalid readyState of 'complete'.
1681568926722	geckodriver	INFO	Listening on 127.0.0.1:61014
1681568929774	mozrunner::runner	INFO	Running command: "C:\\Program Files\\Mozilla Firefox\\firefox.exe" "--marionette" "--headless" "--no-sandbox" "--remote-debug ... "--remote-allow-hosts" "localhost" "-no-remote" "-profile" "C:\\Users\\Dashrath\\AppData\\Local\\Temp\\rust_mozprofileY721qb"
*** You are running in headless mode.
console.warn: services.settings: Ignoring preference override of remote settings server
console.warn: services.settings: Allow by setting MOZ_REMOTE_SETTINGS_DEVTOOLS=1 in the environment
1681568930168	Marionette	INFO	Marionette enabled
Dynamically enable window occlusion 0
1681568930173	Marionette	INFO	Listening on port 61031
console.error: "Warning: unrecognized command line flag -no-sandbox\n"
Read port: 61031
WebDriver BiDi listening on ws://127.0.0.1:61015
1681568930296	RemoteAgent	WARN	TLS certificate errors will be ignored for this session
[GFX1-]: RenderCompositorSWGL failed mapping default framebuffer, no dt
console.warn: SearchSettings: "get: No settings file exists, new profile?" (new NotFoundError("Could not open the file at C:\\Users\\Dashrath\\AppData\\Local\\Temp\\rust_mozprofileY721qb\\search.json.mozlz4", (void 0)))
[ERROR glean_core] Error setting metrics feature config: Json(Error("EOF while parsing a value", line: 1, column: 0))
console.error: ({})
DevTools listening on ws://127.0.0.1:61015/devtools/browser/4395fa8f-c220-4275-8eda-5e7fb2ff7cb6
1681568932729	geckodriver	INFO	Listening on 127.0.0.1:61051
1681568935786	mozrunner::runner	INFO	Running command: "C:\\Program Files\\Mozilla Firefox\\firefox.exe" "--marionette" "--headless" "--no-sandbox" "--remote-debug ... "--remote-allow-hosts" "localhost" "-no-remote" "-profile" "C:\\Users\\Dashrath\\AppData\\Local\\Temp\\rust_mozprofileIWkAuv"
*** You are running in headless mode.
console.warn: services.settings: Ignoring preference override of remote settings server
console.warn: services.settings: Allow by setting MOZ_REMOTE_SETTINGS_DEVTOOLS=1 in the environment
1681568936106	Marionette	INFO	Marionette enabled
Dynamically enable window occlusion 0
1681568936110	Marionette	INFO	Listening on port 61070
Read port: 61070
console.error: "Warning: unrecognized command line flag -no-sandbox\n"
WebDriver BiDi listening on ws://127.0.0.1:61052
1681568936229	RemoteAgent	WARN	TLS certificate errors will be ignored for this session
[GFX1-]: RenderCompositorSWGL failed mapping default framebuffer, no dt
console.warn: SearchSettings: "get: No settings file exists, new profile?" (new NotFoundError("Could not open the file at C:\\Users\\Dashrath\\AppData\\Local\\Temp\\rust_mozprofileIWkAuv\\search.json.mozlz4", (void 0)))
[ERROR glean_core] Error setting metrics feature config: Json(Error("EOF while parsing a value", line: 1, column: 0))
console.error: ({})
DevTools listening on ws://127.0.0.1:61052/devtools/browser/9892c478-5946-48fb-8bee-d79e420f0f68
1681568942851	Marionette	WARN	Ignoring event 'DOMContentLoaded' because document has an invalid readyState of 'complete'.
1681569277451	geckodriver	INFO	Listening on 127.0.0.1:61437
1681569280514	mozrunner::runner	INFO	Running command: "C:\\Program Files\\Mozilla Firefox\\firefox.exe" "--marionette" "--headless" "--no-sandbox" "--remote-debug ... "--remote-allow-hosts" "localhost" "-no-remote" "-profile" "C:\\Users\\Dashrath\\AppData\\Local\\Temp\\rust_mozprofilelZqEVm"
*** You are running in headless mode.
console.warn: services.settings: Ignoring preference override of remote settings server
console.warn: services.settings: Allow by setting MOZ_REMOTE_SETTINGS_DEVTOOLS=1 in the environment
1681569280888	Marionette	INFO	Marionette enabled
Dynamically enable window occlusion 0
1681569280894	Marionette	INFO	Listening on port 61447
console.error: "Warning: unrecognized command line flag -no-sandbox\n"
Read port: 61447
WebDriver BiDi listening on ws://127.0.0.1:61438
1681569281049	RemoteAgent	WARN	TLS certificate errors will be ignored for this session
[GFX1-]: RenderCompositorSWGL failed mapping default framebuffer, no dt
console.warn: SearchSettings: "get: No settings file exists, new profile?" (new NotFoundError("Could not open the file at C:\\Users\\Dashrath\\AppData\\Local\\Temp\\rust_mozprofilelZqEVm\\search.json.mozlz4", (void 0)))
[ERROR glean_core] Error setting metrics feature config: Json(Error("EOF while parsing a value", line: 1, column: 0))
console.error: ({})
DevTools listening on ws://127.0.0.1:61438/devtools/browser/64a2f1c5-4af8-444d-9e5d-2eb2d15dd568
1681569283674	geckodriver	INFO	Listening on 127.0.0.1:61467
1681569286739	mozrunner::runner	INFO	Running command: "C:\\Program Files\\Mozilla Firefox\\firefox.exe" "--marionette" "--headless" "--no-sandbox" "--remote-debug ... "--remote-allow-hosts" "localhost" "-no-remote" "-profile" "C:\\Users\\Dashrath\\AppData\\Local\\Temp\\rust_mozprofileLFWCzs"
*** You are running in headless mode.
console.warn: services.settings: Ignoring preference override of remote settings server
console.warn: services.settings: Allow by setting MOZ_REMOTE_SETTINGS_DEVTOOLS=1 in the environment
1681569287113	Marionette	INFO	Marionette enabled
Dynamically enable window occlusion 0
1681569287122	Marionette	INFO	Listening on port 61484
console.error: "Warning: unrecognized command line flag -no-sandbox\n"
Read port: 61484
WebDriver BiDi listening on ws://127.0.0.1:61468
1681569287252	RemoteAgent	WARN	TLS certificate errors will be ignored for this session
[GFX1-]: RenderCompositorSWGL failed mapping default framebuffer, no dt
console.warn: SearchSettings: "get: No settings file exists, new profile?" (new NotFoundError("Could not open the file at C:\\Users\\Dashrath\\AppData\\Local\\Temp\\rust_mozprofileLFWCzs\\search.json.mozlz4", (void 0)))
[ERROR glean_core] Error setting metrics feature config: Json(Error("EOF while parsing a value", line: 1, column: 0))
console.error: ({})
DevTools listening on ws://127.0.0.1:61468/devtools/browser/a819677b-905e-4100-bb7c-4cea89c2e704
1681569293604	Marionette	WARN	Ignoring event 'DOMContentLoaded' because document has an invalid readyState of 'complete'.
1681569485656	geckodriver	INFO	Listening on 127.0.0.1:61649
1681569488704	mozrunner::runner	INFO	Running command: "C:\\Program Files\\Mozilla Firefox\\firefox.exe" "--marionette" "--headless" "--no-sandbox" "--remote-debug ... "--remote-allow-hosts" "localhost" "-no-remote" "-profile" "C:\\Users\\Dashrath\\AppData\\Local\\Temp\\rust_mozprofileaoS08T"
*** You are running in headless mode.
console.warn: services.settings: Ignoring preference override of remote settings server
console.warn: services.settings: Allow by setting MOZ_REMOTE_SETTINGS_DEVTOOLS=1 in the environment
1681569489077	Marionette	INFO	Marionette enabled
Dynamically enable window occlusion 0
1681569489083	Marionette	INFO	Listening on port 61658
console.error: "Warning: unrecognized command line flag -no-sandbox\n"
WebDriver BiDi listening on ws://127.0.0.1:61650
Read port: 61658
1681569489208	RemoteAgent	WARN	TLS certificate errors will be ignored for this session
[GFX1-]: RenderCompositorSWGL failed mapping default framebuffer, no dt
console.warn: SearchSettings: "get: No settings file exists, new profile?" (new NotFoundError("Could not open the file at C:\\Users\\Dashrath\\AppData\\Local\\Temp\\rust_mozprofileaoS08T\\search.json.mozlz4", (void 0)))
[ERROR glean_core] Error setting metrics feature config: Json(Error("EOF while parsing a value", line: 1, column: 0))
console.error: ({})
DevTools listening on ws://127.0.0.1:61650/devtools/browser/5de4cfba-c477-44ae-ab59-e48b6f039555
1681569491590	geckodriver	INFO	Listening on 127.0.0.1:61680
1681569494640	mozrunner::runner	INFO	Running command: "C:\\Program Files\\Mozilla Firefox\\firefox.exe" "--marionette" "--headless" "--no-sandbox" "--remote-debug ... "--remote-allow-hosts" "localhost" "-no-remote" "-profile" "C:\\Users\\Dashrath\\AppData\\Local\\Temp\\rust_mozprofileHLxX2Z"
*** You are running in headless mode.
console.warn: services.settings: Ignoring preference override of remote settings server
console.warn: services.settings: Allow by setting MOZ_REMOTE_SETTINGS_DEVTOOLS=1 in the environment
1681569495049	Marionette	INFO	Marionette enabled
Dynamically enable window occlusion 0
1681569495055	Marionette	INFO	Listening on port 61699
Read port: 61699
console.error: "Warning: unrecognized command line flag -no-sandbox\n"
WebDriver BiDi listening on ws://127.0.0.1:61681
1681569495175	RemoteAgent	WARN	TLS certificate errors will be ignored for this session
[GFX1-]: RenderCompositorSWGL failed mapping default framebuffer, no dt
console.warn: SearchSettings: "get: No settings file exists, new profile?" (new NotFoundError("Could not open the file at C:\\Users\\Dashrath\\AppData\\Local\\Temp\\rust_mozprofileHLxX2Z\\search.json.mozlz4", (void 0)))
[ERROR glean_core] Error setting metrics feature config: Json(Error("EOF while parsing a value", line: 1, column: 0))
console.error: ({})
DevTools listening on ws://127.0.0.1:61681/devtools/browser/25bf81c7-8162-48bb-9f48-25b10cb2cb87
1681569500311	Marionette	WARN	Ignoring event 'DOMContentLoaded' because document has an invalid readyState of 'complete'.
[Child 10320, MediaDecoderStateMachine #1] WARNING: Decoder=1abb68c9500 state=DECODING_METADATA Decode metadata failed, shutting down decoder: file /builds/worker/checkouts/gecko/dom/media/MediaDecoderStateMachine.cpp:372
[Child 10320, MediaDecoderStateMachine #1] WARNING: Decoder=1abb68c9500 Decode error: NS_ERROR_DOM_MEDIA_METADATA_ERR (0x806e0006) - static MP4Metadata::ResultAndByteBuffer __cdecl mozilla::MP4Metadata::Metadata(mozilla::ByteStream *): Cannot parse metadata: file /builds/worker/checkouts/gecko/dom/media/MediaDecoderStateMachineBase.cpp:164
1681574177136	geckodriver	INFO	Listening on 127.0.0.1:60072
1681574180209	mozrunner::runner	INFO	Running command: "C:\\Program Files\\Mozilla Firefox\\firefox.exe" "--marionette" "--headless" "--no-sandbox" "--remote-debug ... "--remote-allow-hosts" "localhost" "-no-remote" "-profile" "C:\\Users\\Dashrath\\AppData\\Local\\Temp\\rust_mozprofile7ZoxFx"
*** You are running in headless mode.
console.warn: services.settings: Ignoring preference override of remote settings server
console.warn: services.settings: Allow by setting MOZ_REMOTE_SETTINGS_DEVTOOLS=1 in the environment
1681574180901	Marionette	INFO	Marionette enabled
Dynamically enable window occlusion 0
1681574180909	Marionette	INFO	Listening on port 60083
console.error: "Warning: unrecognized command line flag -no-sandbox\n"
Read port: 60083
WebDriver BiDi listening on ws://127.0.0.1:60073
1681574181086	RemoteAgent	WARN	TLS certificate errors will be ignored for this session
[GFX1-]: RenderCompositorSWGL failed mapping default framebuffer, no dt
console.warn: SearchSettings: "get: No settings file exists, new profile?" (new NotFoundError("Could not open the file at C:\\Users\\Dashrath\\AppData\\Local\\Temp\\rust_mozprofile7ZoxFx\\search.json.mozlz4", (void 0)))
[ERROR glean_core] Error setting metrics feature config: Json(Error("EOF while parsing a value", line: 1, column: 0))
console.error: ({})
DevTools listening on ws://127.0.0.1:60073/devtools/browser/8bb1122b-e778-4b63-ab8e-4452366ec177
1681574184612	geckodriver	INFO	Listening on 127.0.0.1:60106
1681574187705	mozrunner::runner	INFO	Running command: "C:\\Program Files\\Mozilla Firefox\\firefox.exe" "--marionette" "--headless" "--no-sandbox" "--remote-debug ... "--remote-allow-hosts" "localhost" "-no-remote" "-profile" "C:\\Users\\Dashrath\\AppData\\Local\\Temp\\rust_mozprofilePZW8vW"
*** You are running in headless mode.
console.warn: services.settings: Ignoring preference override of remote settings server
console.warn: services.settings: Allow by setting MOZ_REMOTE_SETTINGS_DEVTOOLS=1 in the environment
1681574188332	Marionette	INFO	Marionette enabled
Dynamically enable window occlusion 0
1681574188339	Marionette	INFO	Listening on port 60130
Read port: 60130
console.error: "Warning: unrecognized command line flag -no-sandbox\n"
WebDriver BiDi listening on ws://127.0.0.1:60107
1681574188486	RemoteAgent	WARN	TLS certificate errors will be ignored for this session
[GFX1-]: RenderCompositorSWGL failed mapping default framebuffer, no dt
console.warn: SearchSettings: "get: No settings file exists, new profile?" (new NotFoundError("Could not open the file at C:\\Users\\Dashrath\\AppData\\Local\\Temp\\rust_mozprofilePZW8vW\\search.json.mozlz4", (void 0)))
[ERROR glean_core] Error setting metrics feature config: Json(Error("EOF while parsing a value", line: 1, column: 0))
console.error: ({})
DevTools listening on ws://127.0.0.1:60107/devtools/browser/0ca7d151-a0c5-4305-962f-93527efc5446
1681575537647	geckodriver	INFO	Listening on 127.0.0.1:61017
1681575540685	mozrunner::runner	INFO	Running command: "C:\\Program Files\\Mozilla Firefox\\firefox.exe" "--marionette" "--headless" "--no-sandbox" "--remote-debug ... "--remote-allow-hosts" "localhost" "-no-remote" "-profile" "C:\\Users\\Dashrath\\AppData\\Local\\Temp\\rust_mozprofiler2ARHt"
*** You are running in headless mode.
console.warn: services.settings: Ignoring preference override of remote settings server
console.warn: services.settings: Allow by setting MOZ_REMOTE_SETTINGS_DEVTOOLS=1 in the environment
1681575541270	Marionette	INFO	Marionette enabled
Dynamically enable window occlusion 0
1681575541276	Marionette	INFO	Listening on port 61028
console.error: "Warning: unrecognized command line flag -no-sandbox\n"
Read port: 61028
WebDriver BiDi listening on ws://127.0.0.1:61018
1681575541439	RemoteAgent	WARN	TLS certificate errors will be ignored for this session
[GFX1-]: RenderCompositorSWGL failed mapping default framebuffer, no dt
console.warn: SearchSettings: "get: No settings file exists, new profile?" (new NotFoundError("Could not open the file at C:\\Users\\Dashrath\\AppData\\Local\\Temp\\rust_mozprofiler2ARHt\\search.json.mozlz4", (void 0)))
[ERROR glean_core] Error setting metrics feature config: Json(Error("EOF while parsing a value", line: 1, column: 0))
console.error: ({})
DevTools listening on ws://127.0.0.1:61018/devtools/browser/5b9ebd38-92a7-4462-ac6d-766f96919274
1681575544972	geckodriver	INFO	Listening on 127.0.0.1:61050
1681575548015	mozrunner::runner	INFO	Running command: "C:\\Program Files\\Mozilla Firefox\\firefox.exe" "--marionette" "--headless" "--no-sandbox" "--remote-debug ... "--remote-allow-hosts" "localhost" "-no-remote" "-profile" "C:\\Users\\Dashrath\\AppData\\Local\\Temp\\rust_mozprofileOpRHAs"
*** You are running in headless mode.
console.warn: services.settings: Ignoring preference override of remote settings server
console.warn: services.settings: Allow by setting MOZ_REMOTE_SETTINGS_DEVTOOLS=1 in the environment
1681575548409	Marionette	INFO	Marionette enabled
Dynamically enable window occlusion 0
1681575548414	Marionette	INFO	Listening on port 61098
console.error: "Warning: unrecognized command line flag -no-sandbox\n"
Read port: 61098
WebDriver BiDi listening on ws://127.0.0.1:61051
1681575548564	RemoteAgent	WARN	TLS certificate errors will be ignored for this session
[GFX1-]: RenderCompositorSWGL failed mapping default framebuffer, no dt
console.warn: SearchSettings: "get: No settings file exists, new profile?" (new NotFoundError("Could not open the file at C:\\Users\\Dashrath\\AppData\\Local\\Temp\\rust_mozprofileOpRHAs\\search.json.mozlz4", (void 0)))
[ERROR glean_core] Error setting metrics feature config: Json(Error("EOF while parsing a value", line: 1, column: 0))
console.error: ({})
DevTools listening on ws://127.0.0.1:61051/devtools/browser/61231030-2e05-45ec-af6b-3280cce12898
1681575560279	Marionette	WARN	Ignoring event 'DOMContentLoaded' because document has an invalid readyState of 'complete'.
[Child 22472, MediaDecoderStateMachine #1] WARNING: Decoder=1f8e4f30400 state=DECODING_METADATA Decode metadata failed, shutting down decoder: file /builds/worker/checkouts/gecko/dom/media/MediaDecoderStateMachine.cpp:372
[Child 22472, MediaDecoderStateMachine #1] WARNING: Decoder=1f8e4f30400 Decode error: NS_ERROR_DOM_MEDIA_METADATA_ERR (0x806e0006) - static MP4Metadata::ResultAndByteBuffer __cdecl mozilla::MP4Metadata::Metadata(mozilla::ByteStream *): Cannot parse metadata: file /builds/worker/checkouts/gecko/dom/media/MediaDecoderStateMachineBase.cpp:164
1681575935087	geckodriver	INFO	Listening on 127.0.0.1:61453
1681575938185	mozrunner::runner	INFO	Running command: "C:\\Program Files\\Mozilla Firefox\\firefox.exe" "--marionette" "--headless" "--no-sandbox" "--remote-debug ... "--remote-allow-hosts" "localhost" "-no-remote" "-profile" "C:\\Users\\Dashrath\\AppData\\Local\\Temp\\rust_mozprofile29e2kR"
*** You are running in headless mode.
console.warn: services.settings: Ignoring preference override of remote settings server
console.warn: services.settings: Allow by setting MOZ_REMOTE_SETTINGS_DEVTOOLS=1 in the environment
1681575938863	Marionette	INFO	Marionette enabled
Dynamically enable window occlusion 0
1681575938873	Marionette	INFO	Listening on port 61463
console.error: "Warning: unrecognized command line flag -no-sandbox\n"
Read port: 61463
WebDriver BiDi listening on ws://127.0.0.1:61454
1681575939096	RemoteAgent	WARN	TLS certificate errors will be ignored for this session
[GFX1-]: RenderCompositorSWGL failed mapping default framebuffer, no dt
console.warn: SearchSettings: "get: No settings file exists, new profile?" (new NotFoundError("Could not open the file at C:\\Users\\Dashrath\\AppData\\Local\\Temp\\rust_mozprofile29e2kR\\search.json.mozlz4", (void 0)))
[ERROR glean_core] Error setting metrics feature config: Json(Error("EOF while parsing a value", line: 1, column: 0))
console.error: ({})
DevTools listening on ws://127.0.0.1:61454/devtools/browser/bf709e2f-d7c0-45ac-b802-c720641d2812
1681575943006	geckodriver	INFO	Listening on 127.0.0.1:61491
1681575946108	mozrunner::runner	INFO	Running command: "C:\\Program Files\\Mozilla Firefox\\firefox.exe" "--marionette" "--headless" "--no-sandbox" "--remote-debug ... "--remote-allow-hosts" "localhost" "-no-remote" "-profile" "C:\\Users\\Dashrath\\AppData\\Local\\Temp\\rust_mozprofileWagbNI"
*** You are running in headless mode.
console.warn: services.settings: Ignoring preference override of remote settings server
console.warn: services.settings: Allow by setting MOZ_REMOTE_SETTINGS_DEVTOOLS=1 in the environment
1681575946719	Marionette	INFO	Marionette enabled
Dynamically enable window occlusion 0
1681575946726	Marionette	INFO	Listening on port 61531
console.error: "Warning: unrecognized command line flag -no-sandbox\n"
Read port: 61531
WebDriver BiDi listening on ws://127.0.0.1:61492
1681575946889	RemoteAgent	WARN	TLS certificate errors will be ignored for this session
[GFX1-]: RenderCompositorSWGL failed mapping default framebuffer, no dt
console.warn: SearchSettings: "get: No settings file exists, new profile?" (new NotFoundError("Could not open the file at C:\\Users\\Dashrath\\AppData\\Local\\Temp\\rust_mozprofileWagbNI\\search.json.mozlz4", (void 0)))
[ERROR glean_core] Error setting metrics feature config: Json(Error("EOF while parsing a value", line: 1, column: 0))
console.error: ({})
DevTools listening on ws://127.0.0.1:61492/devtools/browser/f3278197-24dc-49c0-8c22-8d6977b0c75b
1681575955773	Marionette	WARN	Ignoring event 'DOMContentLoaded' because document has an invalid readyState of 'complete'.
1681577875611	geckodriver	INFO	Listening on 127.0.0.1:62823
1681577878679	mozrunner::runner	INFO	Running command: "C:\\Program Files\\Mozilla Firefox\\firefox.exe" "--marionette" "--headless" "--no-sandbox" "--remote-debug ... "--remote-allow-hosts" "localhost" "-no-remote" "-profile" "C:\\Users\\Dashrath\\AppData\\Local\\Temp\\rust_mozprofilecIZ2Sb"
*** You are running in headless mode.
console.warn: services.settings: Ignoring preference override of remote settings server
console.warn: services.settings: Allow by setting MOZ_REMOTE_SETTINGS_DEVTOOLS=1 in the environment
1681577879160	Marionette	INFO	Marionette enabled
Dynamically enable window occlusion 0
1681577879167	Marionette	INFO	Listening on port 62833
console.error: "Warning: unrecognized command line flag -no-sandbox\n"
Read port: 62833
WebDriver BiDi listening on ws://127.0.0.1:62824
1681577879295	RemoteAgent	WARN	TLS certificate errors will be ignored for this session
[GFX1-]: RenderCompositorSWGL failed mapping default framebuffer, no dt
console.warn: SearchSettings: "get: No settings file exists, new profile?" (new NotFoundError("Could not open the file at C:\\Users\\Dashrath\\AppData\\Local\\Temp\\rust_mozprofilecIZ2Sb\\search.json.mozlz4", (void 0)))
[ERROR glean_core] Error setting metrics feature config: Json(Error("EOF while parsing a value", line: 1, column: 0))
console.error: ({})
DevTools listening on ws://127.0.0.1:62824/devtools/browser/c00b3add-cf2a-4028-9d5f-2c54d56a193a
1681577881941	geckodriver	INFO	Listening on 127.0.0.1:62854
1681577884986	mozrunner::runner	INFO	Running command: "C:\\Program Files\\Mozilla Firefox\\firefox.exe" "--marionette" "--headless" "--no-sandbox" "--remote-debug ... "--remote-allow-hosts" "localhost" "-no-remote" "-profile" "C:\\Users\\Dashrath\\AppData\\Local\\Temp\\rust_mozprofilevdtnX0"
*** You are running in headless mode.
console.warn: services.settings: Ignoring preference override of remote settings server
console.warn: services.settings: Allow by setting MOZ_REMOTE_SETTINGS_DEVTOOLS=1 in the environment
1681577885441	Marionette	INFO	Marionette enabled
Dynamically enable window occlusion 0
1681577885447	Marionette	INFO	Listening on port 62906
console.error: "Warning: unrecognized command line flag -no-sandbox\n"
WebDriver BiDi listening on ws://127.0.0.1:62855
Read port: 62906
1681577885720	RemoteAgent	WARN	TLS certificate errors will be ignored for this session
[GFX1-]: RenderCompositorSWGL failed mapping default framebuffer, no dt
console.warn: SearchSettings: "get: No settings file exists, new profile?" (new NotFoundError("Could not open the file at C:\\Users\\Dashrath\\AppData\\Local\\Temp\\rust_mozprofilevdtnX0\\search.json.mozlz4", (void 0)))
[ERROR glean_core] Error setting metrics feature config: Json(Error("EOF while parsing a value", line: 1, column: 0))
console.error: ({})
DevTools listening on ws://127.0.0.1:62855/devtools/browser/ac6c9680-d83b-41a7-b206-4f2373f1c584
1681577893761	Marionette	WARN	Ignoring event 'DOMContentLoaded' because document has an invalid readyState of 'complete'.
[Child 10164, MediaDecoderStateMachine #1] WARNING: Decoder=1d0cc008c00 state=DECODING_METADATA Decode metadata failed, shutting down decoder: file /builds/worker/checkouts/gecko/dom/media/MediaDecoderStateMachine.cpp:372
[Child 10164, MediaDecoderStateMachine #1] WARNING: Decoder=1d0cc008c00 Decode error: NS_ERROR_DOM_MEDIA_METADATA_ERR (0x806e0006) - static MP4Metadata::ResultAndByteBuffer __cdecl mozilla::MP4Metadata::Metadata(mozilla::ByteStream *): Cannot parse metadata: file /builds/worker/checkouts/gecko/dom/media/MediaDecoderStateMachineBase.cpp:164
1681577929620	geckodriver	INFO	Listening on 127.0.0.1:63007
1681577932664	mozrunner::runner	INFO	Running command: "C:\\Program Files\\Mozilla Firefox\\firefox.exe" "--marionette" "--headless" "--no-sandbox" "--remote-debug ... "--remote-allow-hosts" "localhost" "-no-remote" "-profile" "C:\\Users\\Dashrath\\AppData\\Local\\Temp\\rust_mozprofile7zn6hW"
*** You are running in headless mode.
console.warn: services.settings: Ignoring preference override of remote settings server
console.warn: services.settings: Allow by setting MOZ_REMOTE_SETTINGS_DEVTOOLS=1 in the environment
1681577933066	Marionette	INFO	Marionette enabled
Dynamically enable window occlusion 0
1681577933071	Marionette	INFO	Listening on port 63017
console.error: "Warning: unrecognized command line flag -no-sandbox\n"
Read port: 63017
WebDriver BiDi listening on ws://127.0.0.1:63008
1681577933186	RemoteAgent	WARN	TLS certificate errors will be ignored for this session
[GFX1-]: RenderCompositorSWGL failed mapping default framebuffer, no dt
console.warn: SearchSettings: "get: No settings file exists, new profile?" (new NotFoundError("Could not open the file at C:\\Users\\Dashrath\\AppData\\Local\\Temp\\rust_mozprofile7zn6hW\\search.json.mozlz4", (void 0)))
[ERROR glean_core] Error setting metrics feature config: Json(Error("EOF while parsing a value", line: 1, column: 0))
console.error: ({})
DevTools listening on ws://127.0.0.1:63008/devtools/browser/52a57530-7ed6-44e1-8938-dd8b1edd8597
1681577936551	geckodriver	INFO	Listening on 127.0.0.1:63069
1681577939605	mozrunner::runner	INFO	Running command: "C:\\Program Files\\Mozilla Firefox\\firefox.exe" "--marionette" "--headless" "--no-sandbox" "--remote-debug ... "--remote-allow-hosts" "localhost" "-no-remote" "-profile" "C:\\Users\\Dashrath\\AppData\\Local\\Temp\\rust_mozprofileifEmpg"
*** You are running in headless mode.
console.warn: services.settings: Ignoring preference override of remote settings server
console.warn: services.settings: Allow by setting MOZ_REMOTE_SETTINGS_DEVTOOLS=1 in the environment
1681577939912	Marionette	INFO	Marionette enabled
Dynamically enable window occlusion 0
1681577939916	Marionette	INFO	Listening on port 63087
Read port: 63087
console.error: "Warning: unrecognized command line flag -no-sandbox\n"
WebDriver BiDi listening on ws://127.0.0.1:63070
1681577940033	RemoteAgent	WARN	TLS certificate errors will be ignored for this session
[GFX1-]: RenderCompositorSWGL failed mapping default framebuffer, no dt
console.warn: SearchSettings: "get: No settings file exists, new profile?" (new NotFoundError("Could not open the file at C:\\Users\\Dashrath\\AppData\\Local\\Temp\\rust_mozprofileifEmpg\\search.json.mozlz4", (void 0)))
[ERROR glean_core] Error setting metrics feature config: Json(Error("EOF while parsing a value", line: 1, column: 0))
console.error: ({})
DevTools listening on ws://127.0.0.1:63070/devtools/browser/7fc7dab6-8e58-4ae3-98be-dda23862e16b
1681577947682	Marionette	WARN	Ignoring event 'DOMContentLoaded' because document has an invalid readyState of 'complete'.
[Child 17368, MediaDecoderStateMachine #1] WARNING: Decoder=1edbbacb200 state=DECODING_METADATA Decode metadata failed, shutting down decoder: file /builds/worker/checkouts/gecko/dom/media/MediaDecoderStateMachine.cpp:372
[Child 17368, MediaDecoderStateMachine #1] WARNING: Decoder=1edbbacb200 Decode error: NS_ERROR_DOM_MEDIA_METADATA_ERR (0x806e0006) - static MP4Metadata::ResultAndByteBuffer __cdecl mozilla::MP4Metadata::Metadata(mozilla::ByteStream *): Cannot parse metadata: file /builds/worker/checkouts/gecko/dom/media/MediaDecoderStateMachineBase.cpp:164
[Child 17368, MediaDecoderStateMachine #1] WARNING: Decoder=1edca7d8f00 state=DECODING_METADATA Decode metadata failed, shutting down decoder: file /builds/worker/checkouts/gecko/dom/media/MediaDecoderStateMachine.cpp:372
[Child 17368, MediaDecoderStateMachine #1] WARNING: Decoder=1edca7d8f00 Decode error: NS_ERROR_DOM_MEDIA_METADATA_ERR (0x806e0006) - static MP4Metadata::ResultAndByteBuffer __cdecl mozilla::MP4Metadata::Metadata(mozilla::ByteStream *): Cannot parse metadata: file /builds/worker/checkouts/gecko/dom/media/MediaDecoderStateMachineBase.cpp:164
1681578468373	geckodriver	INFO	Listening on 127.0.0.1:63684
1681578471403	mozrunner::runner	INFO	Running command: "C:\\Program Files\\Mozilla Firefox\\firefox.exe" "--marionette" "--headless" "--no-sandbox" "--remote-debug ... "--remote-allow-hosts" "localhost" "-no-remote" "-profile" "C:\\Users\\Dashrath\\AppData\\Local\\Temp\\rust_mozprofileA0f7hj"
*** You are running in headless mode.
console.warn: services.settings: Ignoring preference override of remote settings server
console.warn: services.settings: Allow by setting MOZ_REMOTE_SETTINGS_DEVTOOLS=1 in the environment
1681578471738	Marionette	INFO	Marionette enabled
Dynamically enable window occlusion 0
1681578471742	Marionette	INFO	Listening on port 63718
Read port: 63718
console.error: "Warning: unrecognized command line flag -no-sandbox\n"
WebDriver BiDi listening on ws://127.0.0.1:63685
1681578471864	RemoteAgent	WARN	TLS certificate errors will be ignored for this session
[GFX1-]: RenderCompositorSWGL failed mapping default framebuffer, no dt
console.warn: SearchSettings: "get: No settings file exists, new profile?" (new NotFoundError("Could not open the file at C:\\Users\\Dashrath\\AppData\\Local\\Temp\\rust_mozprofileA0f7hj\\search.json.mozlz4", (void 0)))
[ERROR glean_core] Error setting metrics feature config: Json(Error("EOF while parsing a value", line: 1, column: 0))
console.error: ({})
DevTools listening on ws://127.0.0.1:63685/devtools/browser/be90b117-a379-4c68-90c3-5f8835999879
1681578490395	Marionette	WARN	Ignoring event 'DOMContentLoaded' because document has an invalid readyState of 'complete'.
1681578754523	geckodriver	INFO	Listening on 127.0.0.1:63988
1681578757583	mozrunner::runner	INFO	Running command: "C:\\Program Files\\Mozilla Firefox\\firefox.exe" "--marionette" "--headless" "--no-sandbox" "--remote-debug ... "--remote-allow-hosts" "localhost" "-no-remote" "-profile" "C:\\Users\\Dashrath\\AppData\\Local\\Temp\\rust_mozprofileZ3whr1"
*** You are running in headless mode.
console.warn: services.settings: Ignoring preference override of remote settings server
console.warn: services.settings: Allow by setting MOZ_REMOTE_SETTINGS_DEVTOOLS=1 in the environment
1681578757903	Marionette	INFO	Marionette enabled
Dynamically enable window occlusion 0
1681578757908	Marionette	INFO	Listening on port 64024
Read port: 64024
console.error: "Warning: unrecognized command line flag -no-sandbox\n"
WebDriver BiDi listening on ws://127.0.0.1:63989
1681578758031	RemoteAgent	WARN	TLS certificate errors will be ignored for this session
[GFX1-]: RenderCompositorSWGL failed mapping default framebuffer, no dt
console.warn: SearchSettings: "get: No settings file exists, new profile?" (new NotFoundError("Could not open the file at C:\\Users\\Dashrath\\AppData\\Local\\Temp\\rust_mozprofileZ3whr1\\search.json.mozlz4", (void 0)))
[ERROR glean_core] Error setting metrics feature config: Json(Error("EOF while parsing a value", line: 1, column: 0))
console.error: ({})
DevTools listening on ws://127.0.0.1:63989/devtools/browser/37d78f14-8353-48b1-a309-a62e9e9d610a
1681578760694	geckodriver	INFO	Listening on 127.0.0.1:64045
1681578763738	mozrunner::runner	INFO	Running command: "C:\\Program Files\\Mozilla Firefox\\firefox.exe" "--marionette" "--headless" "--no-sandbox" "--remote-debug ... "--remote-allow-hosts" "localhost" "-no-remote" "-profile" "C:\\Users\\Dashrath\\AppData\\Local\\Temp\\rust_mozprofileUHShyd"
*** You are running in headless mode.
console.warn: services.settings: Ignoring preference override of remote settings server
console.warn: services.settings: Allow by setting MOZ_REMOTE_SETTINGS_DEVTOOLS=1 in the environment
1681578764045	Marionette	INFO	Marionette enabled
Dynamically enable window occlusion 0
1681578764050	Marionette	INFO	Listening on port 64063
Read port: 64063
console.error: "Warning: unrecognized command line flag -no-sandbox\n"
WebDriver BiDi listening on ws://127.0.0.1:64046
1681578764161	RemoteAgent	WARN	TLS certificate errors will be ignored for this session
[GFX1-]: RenderCompositorSWGL failed mapping default framebuffer, no dt
console.warn: SearchSettings: "get: No settings file exists, new profile?" (new NotFoundError("Could not open the file at C:\\Users\\Dashrath\\AppData\\Local\\Temp\\rust_mozprofileUHShyd\\search.json.mozlz4", (void 0)))
[ERROR glean_core] Error setting metrics feature config: Json(Error("EOF while parsing a value", line: 1, column: 0))
console.error: ({})
DevTools listening on ws://127.0.0.1:64046/devtools/browser/6f1bd356-dcb1-4b6a-8b2c-52d97ba2bdcd
1681578771937	Marionette	WARN	Ignoring event 'DOMContentLoaded' because document has an invalid readyState of 'complete'.
[Child 24172, MediaDecoderStateMachine #1] WARNING: Decoder=1532cb29600 state=DECODING_METADATA Decode metadata failed, shutting down decoder: file /builds/worker/checkouts/gecko/dom/media/MediaDecoderStateMachine.cpp:372
[Child 24172, MediaDecoderStateMachine #1] WARNING: Decoder=1532cb29600 Decode error: NS_ERROR_DOM_MEDIA_METADATA_ERR (0x806e0006) - static MP4Metadata::ResultAndByteBuffer __cdecl mozilla::MP4Metadata::Metadata(mozilla::ByteStream *): Cannot parse metadata: file /builds/worker/checkouts/gecko/dom/media/MediaDecoderStateMachineBase.cpp:164
[Child 24172, MediaDecoderStateMachine #1] WARNING: Decoder=1532cb29900 state=DECODING_METADATA Decode metadata failed, shutting down decoder: file /builds/worker/checkouts/gecko/dom/media/MediaDecoderStateMachine.cpp:372
[Child 24172, MediaDecoderStateMachine #1] WARNING: Decoder=1532cb29900 Decode error: NS_ERROR_DOM_MEDIA_METADATA_ERR (0x806e0006) - static MP4Metadata::ResultAndByteBuffer __cdecl mozilla::MP4Metadata::Metadata(mozilla::ByteStream *): Cannot parse metadata: file /builds/worker/checkouts/gecko/dom/media/MediaDecoderStateMachineBase.cpp:164
1681579188907	geckodriver	INFO	Listening on 127.0.0.1:64545
1681579191958	mozrunner::runner	INFO	Running command: "C:\\Program Files\\Mozilla Firefox\\firefox.exe" "--marionette" "--remote-debugging-port" "64546" "--remote-allow-hosts" "localhost" "-no-remote" "-profile" "C:\\Users\\Dashrath\\AppData\\Local\\Temp\\rust_mozprofile38BoEE"
console.warn: services.settings: Ignoring preference override of remote settings server
console.warn: services.settings: Allow by setting MOZ_REMOTE_SETTINGS_DEVTOOLS=1 in the environment
1681579192339	Marionette	INFO	Marionette enabled
Dynamically enable window occlusion 0
1681579192345	Marionette	INFO	Listening on port 64554
Read port: 64554
WebDriver BiDi listening on ws://127.0.0.1:64546
1681579192499	RemoteAgent	WARN	TLS certificate errors will be ignored for this session
console.warn: SearchSettings: "get: No settings file exists, new profile?" (new NotFoundError("Could not open the file at C:\\Users\\Dashrath\\AppData\\Local\\Temp\\rust_mozprofile38BoEE\\search.json.mozlz4", (void 0)))
[ERROR glean_core] Error setting metrics feature config: Json(Error("EOF while parsing a value", line: 1, column: 0))
DevTools listening on ws://127.0.0.1:64546/devtools/browser/291c1313-1dc9-47a4-a98c-c07e847d99d3
1681579196394	Marionette	WARN	Ignoring event 'DOMContentLoaded' because document has an invalid readyState of 'complete'.
1681579200805	Marionette	INFO	Stopped listening on port 64554
Dynamically enable window occlusion 1
WARNING: A blocker encountered an error while we were waiting.
          Blocker:  Waiting for ping task
          Phase: TelemetryController: Waiting for pending ping activity
          State: (none)
WARNING: Error: Phase "profile-before-change" is finished, it is too late to register completion condition "OS.File: flush I/O queued before profileBeforeChange"
WARNING: addBlocker@resource://gre/modules/AsyncShutdown.sys.mjs:727:15
addBlocker@resource://gre/modules/AsyncShutdown.sys.mjs:523:26
addBlocker@resource://gre/modules/AsyncShutdown.sys.mjs:458:15
setupShutdown@resource://gre/modules/osfile/osfile_async_front.jsm:1548:28
@resource://gre/modules/osfile/osfile_async_front.jsm:1568:16
@resource://gre/modules/osfile.jsm:12:30
@resource://gre/modules/TelemetryStorage.sys.mjs:10:28
_checkPendingPings@resource://gre/modules/TelemetrySend.sys.mjs:863:17
setup@resource://gre/modules/TelemetrySend.sys.mjs:803:18
setup@resource://gre/modules/TelemetrySend.sys.mjs:241:30
setupTelemetry/this._delayedInitTask<@resource://gre/modules/TelemetryControllerParent.sys.mjs:824:36
observe@resource://gre/modules/AsyncShutdown.sys.mjs:576:16

console.error: "TelemetryScheduler.shutdown - Already shut down"
WARNING: A blocker encountered an error while we were waiting.
          Blocker:  Waiting for ping task
          Phase: TelemetryController: Waiting for pending ping activity
          State: (none)
WARNING: Error: Phase "profile-before-change" is finished, it is too late to register completion condition "OS.File: flush I/O queued before profileBeforeChange"
WARNING: addBlocker@resource://gre/modules/AsyncShutdown.sys.mjs:727:15
addBlocker@resource://gre/modules/AsyncShutdown.sys.mjs:523:26
addBlocker@resource://gre/modules/AsyncShutdown.sys.mjs:458:15
setupShutdown@resource://gre/modules/osfile/osfile_async_front.jsm:1548:28
@resource://gre/modules/osfile/osfile_async_front.jsm:1568:16
@resource://gre/modules/osfile.jsm:12:30
@resource://gre/modules/TelemetryStorage.sys.mjs:10:28
_checkPendingPings@resource://gre/modules/TelemetrySend.sys.mjs:863:17
setup@resource://gre/modules/TelemetrySend.sys.mjs:803:18
setup@resource://gre/modules/TelemetrySend.sys.mjs:241:30
setupTelemetry/this._delayedInitTask<@resource://gre/modules/TelemetryControllerParent.sys.mjs:824:36
observe@resource://gre/modules/AsyncShutdown.sys.mjs:576:16

WARNING: A blocker encountered an error while we were waiting.
          Blocker:  Waiting for ping task
          Phase: TelemetryController: Waiting for pending ping activity
          State: (none)
WARNING: Error: Phase "profile-before-change" is finished, it is too late to register completion condition "OS.File: flush I/O queued before profileBeforeChange"
WARNING: addBlocker@resource://gre/modules/AsyncShutdown.sys.mjs:727:15
addBlocker@resource://gre/modules/AsyncShutdown.sys.mjs:523:26
addBlocker@resource://gre/modules/AsyncShutdown.sys.mjs:458:15
setupShutdown@resource://gre/modules/osfile/osfile_async_front.jsm:1548:28
@resource://gre/modules/osfile/osfile_async_front.jsm:1568:16
@resource://gre/modules/osfile.jsm:12:30
@resource://gre/modules/TelemetryStorage.sys.mjs:10:28
_checkPendingPings@resource://gre/modules/TelemetrySend.sys.mjs:863:17
setup@resource://gre/modules/TelemetrySend.sys.mjs:803:18
setup@resource://gre/modules/TelemetrySend.sys.mjs:241:30
setupTelemetry/this._delayedInitTask<@resource://gre/modules/TelemetryControllerParent.sys.mjs:824:36
observe@resource://gre/modules/AsyncShutdown.sys.mjs:576:16

WARNING: A blocker encountered an error while we were waiting.
          Blocker:  TelemetryController: shutting down
          Phase: profile-before-change-telemetry
          State: Error getting state: Error: Phase "profile-before-change" is finished, it is too late to register completion condition "OS.File: flush I/O queued before profileBeforeChange" at addBlocker@resource://gre/modules/AsyncShutdown.sys.mjs:727:15
addBlocker@resource://gre/modules/AsyncShutdown.sys.mjs:523:26
addBlocker@resource://gre/modules/AsyncShutdown.sys.mjs:458:15
setupShutdown@resource://gre/modules/osfile/osfile_async_front.jsm:1548:28
@resource://gre/modules/osfile/osfile_async_front.jsm:1568:16
@resource://gre/modules/osfile.jsm:12:30
@resource://gre/modules/TelemetryStorage.sys.mjs:10:28
_checkPendingPings@resource://gre/modules/TelemetrySend.sys.mjs:863:17
setup@resource://gre/modules/TelemetrySend.sys.mjs:803:18
setup@resource://gre/modules/TelemetrySend.sys.mjs:241:30
setupTelemetry/this._delayedInitTask<@resource://gre/modules/TelemetryControllerParent.sys.mjs:824:36
observe@resource://gre/modules/AsyncShutdown.sys.mjs:576:16

WARNING: Error: Phase "profile-before-change" is finished, it is too late to register completion condition "OS.File: flush I/O queued before profileBeforeChange"
WARNING: addBlocker@resource://gre/modules/AsyncShutdown.sys.mjs:727:15
addBlocker@resource://gre/modules/AsyncShutdown.sys.mjs:523:26
addBlocker@resource://gre/modules/AsyncShutdown.sys.mjs:458:15
setupShutdown@resource://gre/modules/osfile/osfile_async_front.jsm:1548:28
@resource://gre/modules/osfile/osfile_async_front.jsm:1568:16
@resource://gre/modules/osfile.jsm:12:30
@resource://gre/modules/TelemetryStorage.sys.mjs:10:28
_checkPendingPings@resource://gre/modules/TelemetrySend.sys.mjs:863:17
setup@resource://gre/modules/TelemetrySend.sys.mjs:803:18
setup@resource://gre/modules/TelemetrySend.sys.mjs:241:30
setupTelemetry/this._delayedInitTask<@resource://gre/modules/TelemetryControllerParent.sys.mjs:824:36
observe@resource://gre/modules/AsyncShutdown.sys.mjs:576:16

JavaScript error: resource://gre/modules/AsyncShutdown.sys.mjs, line 727: Error: Phase "profile-before-change" is finished, it is too late to register completion condition "OS.File: flush I/O queued before profileBeforeChange"
JavaScript error: resource://gre/modules/AsyncShutdown.sys.mjs, line 727: Error: Phase "profile-before-change" is finished, it is too late to register completion condition "OS.File: flush I/O queued before profileBeforeChange"
JavaScript error: resource://gre/modules/AsyncShutdown.sys.mjs, line 727: Error: Phase "profile-before-change" is finished, it is too late to register completion condition "OS.File: flush I/O queued before profileBeforeChange"
JavaScript error: resource://gre/modules/AsyncShutdown.sys.mjs, line 727: Error: Phase "profile-before-change" is finished, it is too late to register completion condition "OS.File: flush I/O queued before profileBeforeChange"
JavaScript error: resource://gre/modules/AsyncShutdown.sys.mjs, line 727: Error: Phase "profile-before-change" is finished, it is too late to register completion condition "OS.File: flush I/O queued before profileBeforeChange"
JavaScript error: resource://gre/modules/AsyncShutdown.sys.mjs, line 727: Error: Phase "profile-before-change" is finished, it is too late to register completion condition "OS.File: flush I/O queued before profileBeforeChange"
